[2026-07-10T11:41:19.647Z] GET http://127.0.0.1:34567/welcome → 200 (1ms, 8951B)
[2026-07-10T11:41:19.656Z] GET https://fonts.googleapis.com/css2?family=DM+Sans:wght@400;500;600&family=JetBrains+Mono:wght@400;500&display=swap → 200 (1ms, -698B)
[2026-07-10T11:41:19.657Z] GET https://api.fontshare.com/v2/css?f[]=satoshi@700,900&display=swap → 200 (1ms, -455B)
[2026-07-10T11:41:19.664Z] GET https://fonts.gstatic.com/s/dmsans/v17/rP2Yp2ywxg089UriI5-g4vlH9VoD8Cmcqbu0-K6z9mXg.woff2 → 200 (15ms, -815B)
[2026-07-10T11:41:19.664Z] GET https://cdn.fontshare.com/wf/NHPGVFYUXYXE33DZ75OIT4JFGHITX5PE/PSUTMASCDJTVPERDYJZPN23BVUFUCQIF/J64QX5IPOHK56I2KYUNBQ5M2XWZEYKYX.woff2 → 200 (16ms, -1243B)
[2026-07-10T11:41:19.664Z] GET https://cdn.fontshare.com/wf/LAFFD4SDUCDVQEXFPDC7C53EQ4ZELWQI/PXCT3G6LO6ICM5I3NTYENYPWJAECAWDD/GHM6WVH6MILNYOOCXHXB5GTSGNTMGXZR.woff2 → 200 (14ms, -1233B)
[2026-07-10T11:41:19.664Z] GET https://fonts.gstatic.com/s/jetbrainsmono/v24/tDbv2o-flEEny0FZhsfKu5WU4zr3E_BX0PnT8RD8yKwBNntkaToggR7BYRbKPxDcwgknk-4.woff2 → 200 (15ms, -814B)
[2026-07-10T11:41:19.810Z] GET https://console.cloud.google.com/auth/audience?project=video-pipeline-502009 → 200 (142ms, ?B)
[2026-07-10T11:41:19.959Z] GET https://www.gstatic.com/_/mss/boq-cloud-client/_/js/k=boq-cloud-client.CloudConsoleWeb.en_GB.k-xPrhmDCfY.es5.O/am=AAAAAIDxcAACAAAAAEAB/d=1/excm=core/ed=1/wt=2/ujg=1/rs=AJ563L_GD_v-fx5T973qESl_e-qI4ttYsQ/dti=1/m=core → 200 (13ms, -1005B)
[2026-07-10T11:41:19.960Z] GET https://www.gstatic.com/_/mss/boq-cloud-client/_/ss/k=boq-cloud-client.CloudConsoleWeb.GtzVRHZHPQ0.L.B1.O/am=hECAA4DxcAACAAAAAEAB/d=1/ed=1/rs=AJ563L8S_BEDgLYd1xaBamMoH_QQJ0TXWg/m=core → 200 (?ms, -997B)
[2026-07-10T11:41:20.065Z] GET https://www.gstatic.com/_/mss/boq-cloud-client/_/ss/k=boq-cloud-client.OauthMicroUi.UXMHN-gY9U8.L.W.O/d=1/rs=AJ563L8nlj8oUyajSjdggCcsvZBfK-BsDg/m=b → 200 (1ms, -1059B)
[2026-07-10T11:41:20.065Z] GET https://www.gstatic.com/_/mss/boq-cloud-client/_/js/k=boq-cloud-client.OauthMicroUi.en_GB.j5nGMSzqZpY.es6.O/d=1/rs=AJ563L-grx8IQLOmP39mbNfAtIRo2CYIQw/m=b → 200 (6ms, -1056B)
[2026-07-10T11:41:20.065Z] GET https://www.gstatic.com/_/mss/boq-cloud-client/_/js/md=1/k=boq-cloud-client.OauthMicroUi.en_GB.j5nGMSzqZpY.es6.O/ck=boq-cloud-client.OauthMicroUi.UXMHN-gY9U8.L.W.O/rs=AJ563L9pDFqs27s4hfOHOcmMR4rSMYosXA → 200 (4ms, -1054B)
[2026-07-10T11:41:20.102Z] GET https://accounts.google.com/RotateCookiesPage?origin=https%3A%2F%2Fconsole.cloud.google.com&hfcr_pid=1&rot=3 → 200 (36ms, 325B)
[2026-07-10T11:41:20.143Z] GET https://www.gstatic.com/_/mss/boq-identity/_/js/k=boq-identity.IdentityRotateCookiesHttp.en_US.FfA2LEcgP7U.2018.O/am=hECAAw/d=1/rs=AOaEmlEBQ0_33-YGAn_PbyC6ijLbD7fCyw/m=hfcr → 200 (1ms, -948B)
[2026-07-10T11:41:20.213Z] POST https://console.cloud.google.com/p/heartbeat?authuser=0 → pending (?ms, ?B)
[2026-07-10T11:41:20.213Z] POST https://cloud.google.com/log → pending (?ms, ?B)
[2026-07-10T11:41:20.333Z] GET https://console.cloud.google.com/p/bscframe → pending (?ms, ?B)
[2026-07-10T11:41:20.333Z] GET https://www.gstatic.com/pantheon/images/common/icons-small_v163.svg → pending (?ms, ?B)
[2026-07-10T11:41:20.333Z] GET https://www.gstatic.com/pantheon/images/common/icons-medium_v163.svg → pending (?ms, ?B)
[2026-07-10T11:41:20.354Z] GET https://www.gstatic.com/_/mss/boq-cloud-client/_/js/k=boq-cloud-client.CloudConsoleWeb.en_GB.k-xPrhmDCfY.es5.O/am=AAAAAIDxcAACAAAAAEAB/d=0/excm=core/ed=1/wt=2/ujg=1/rs=AJ563L_GD_v-fx5T973qESl_e-qI4ttYsQ/dti=1/m=sy5r,sy5s,sy5t,sy9a,sy5o,sy5q,sy5u,sybe,syam,sy9b,syao,sy5p,sy5v,sybf,syf0,sy71,sy72,sy73,syr,sy21,syan,sylk,sylm,sy2y,sy74,sy8h,sy1o,sy1p,sy20,syas,sylj,syll,syln,sy2z,sy75,sygr,sygs,syo4,syxd,syiz,syms,sypu,sy1b3,sy1bc,syac,syc6,sy15x,syhw,sy1n,sy3y,sy7u,syar,sylo,syxg,sy1c9,sy1ca,ym1b0b,sy1cc,sy1cd,sy1ce,riYQoc → pending (?ms, ?B)
[2026-07-10T11:41:20.354Z] GET https://cloudusersettings-pa.clients6.google.com/v1alpha1/settings/PAN_CORE_ACCESSIBILITY_KEYBOARD_SHORTCUTS?key=AIzaSyCI-zsRP85UVOi0DjtiCwWBwQ1djDy741g → pending (?ms, ?B)
[2026-07-10T11:41:20.354Z] GET https://apis.google.com/js/api.js → pending (?ms, ?B)
[2026-07-10T11:41:20.363Z] GET https://console.cloud.google.com/pangolin/iframe.html?cb=2749402009334394&authuser=0 → pending (?ms, ?B)
[2026-07-10T11:41:20.450Z] GET https://www.googletagmanager.com/gtm.js?id=GTM-5CVQBG&l=gtmDataLayer → 200 (41ms, 19B)
[2026-07-10T11:41:20.451Z] GET https://www.gstatic.com/_/mss/boq-cloud-client/_/js/k=boq-cloud-client.CloudConsoleWeb.en_GB.k-xPrhmDCfY.es5.O/am=AAAAAIDxcAACAAAAAEAB/d=0/excm=core/ed=1/wt=2/ujg=1/rs=AJ563L_GD_v-fx5T973qESl_e-qI4ttYsQ/dti=1/m=r0PHpf → 200 (22ms, -1064B)
[2026-07-10T11:41:20.451Z] POST https://waa-pa.clients6.google.com/$rpc/google.internal.waa.v1.Waa/Create → 200 (149ms, 25490B)
[2026-07-10T11:41:20.451Z] GET https://www.gstatic.com/pantheon/images/shellgm2/icons-medium_v15.svg → 200 (22ms, -846B)
[2026-07-10T11:41:20.451Z] GET https://www.gstatic.com/_/mss/boq-cloud-client/_/js/k=boq-cloud-client.CloudConsoleWeb.en_GB.k-xPrhmDCfY.es5.O/am=AAAAAIDxcAACAAAAAEAB/d=0/excm=core/ed=1/wt=2/ujg=1/rs=AJ563L_GD_v-fx5T973qESl_e-qI4ttYsQ/dti=1/m=syvs,syvt,pm_help_service → 200 (23ms, -1065B)
[2026-07-10T11:41:20.451Z] GET https://cloudusersettings-pa.clients6.google.com/v1alpha1/settings/CONSOLE_NAV_PIN_COACHMARK_STATE?key=AIzaSyCI-zsRP85UVOi0DjtiCwWBwQ1djDy741g → 200 (40ms, 203B)
[2026-07-10T11:41:20.451Z] GET https://www.gstatic.com/_/mss/boq-cloud-client/_/js/k=boq-cloud-client.CloudConsoleWeb.en_GB.k-xPrhmDCfY.es5.O/am=AAAAAIDxcAACAAAAAEAB/d=0/excm=core/ed=1/wt=2/ujg=1/rs=AJ563L_GD_v-fx5T973qESl_e-qI4ttYsQ/dti=1/m=sy2p,sy2r,sy1k,sy2q,sy2s,sy8g,syc8,sy2t,sy8i,sy8y,syc7,syhh,pm_breadcrumb_bar → 200 (23ms, -1066B)
[2026-07-10T11:41:20.451Z] GET https://www.gstatic.com/_/mss/boq-cloud-client/_/js/k=boq-cloud-client.CloudConsoleWeb.en_GB.k-xPrhmDCfY.es5.O/am=AAAAAIDxcAACAAAAAEAB/d=0/excm=core/ed=1/wt=2/ujg=1/rs=AJ563L_GD_v-fx5T973qESl_e-qI4ttYsQ/dti=1/m=sy1l,pm_pcc_section_nav_bar → 200 (23ms, -1065B)
[2026-07-10T11:41:20.451Z] GET https://www.gstatic.com/_/mss/boq-cloud-client/_/js/k=boq-cloud-client.CloudConsoleWeb.en_GB.k-xPrhmDCfY.es5.O/am=AAAAAIDxcAACAAAAAEAB/d=0/excm=core/ed=1/wt=2/ujg=1/rs=AJ563L_GD_v-fx5T973qESl_e-qI4ttYsQ/dti=1/m=tgy1fb → 200 (24ms, -1064B)
[2026-07-10T11:41:20.452Z] GET https://www.gstatic.com/_/mss/boq-cloud-client/_/js/k=boq-cloud-client.CloudConsoleWeb.en_GB.k-xPrhmDCfY.es5.O/am=AAAAAIDxcAACAAAAAEAB/d=0/excm=core/ed=1/wt=2/ujg=1/rs=AJ563L_GD_v-fx5T973qESl_e-qI4ttYsQ/dti=1/m=sy3c,sy4v,syc1,sy70,sygo,sy6y,sy77,sy7q,sy88,sy2u,sy8p,sygn,sygp,syh1,syh2,sy87,sy8a,sy9i,syh0,syfi,syh7,sy6o,sy89,sy9j,syfd,syfe,sygz,syh3,syh5,syh6,syh8,syh9,syh4,syw7,sywa,lNaede → 200 (25ms, -1066B)
[2026-07-10T11:41:20.452Z] GET https://www.gstatic.com/_/mss/boq-cloud-client/_/js/k=boq-cloud-client.CloudConsoleWeb.en_GB.k-xPrhmDCfY.es5.O/am=AAAAAIDxcAACAAAAAEAB/d=0/excm=core/ed=1/wt=2/ujg=1/rs=AJ563L_GD_v-fx5T973qESl_e-qI4ttYsQ/dti=1/m=sy4u,sy91,syc9,sycb,sy1v,sy39,sy3d,sy37,sy6b,sy4x,syfr,sy4s,sy4w,sy6z,sy76,syc5,sy8e,sya8,sy65,sy3p,sy1x,sy3a,sy36,sy38,sy3e,sy5f,sy6n,syg9,syga,sygb,sygc,sy22,sy24,sy26,syft,sy4y,sy6x,sy9t,sy9u,syhj,sy8f,sy5z,syal,sy9d,sya9,sy66,sy67,sy6a,sy6j,sy1w,sy3b,sydn,syds,sy6h,sye7,sye8,syej,sydw,sy4p,sy5d,sy5e,sy7j,syf9,syg8,sy6i,sy7d,sygd,sybt,sybv,sygh,sy25,sygt,sy4z,sy5w,sy85,sy9p,sy9r,sy9s,sy9v,sy9w,sy2e,sy2f,sy59,syhk,sy3s,syca,sycp,syhn,syho,syhp,sy5y,sy60,sy61,syap,sy9e,sy9f,sy9g,sy9h,sy6w,sy6m,sya6,sya7,sya3,sya4,sya5,syaa,syab,sy63,sy5g,sy6c,sy42,sy7v,syaf,sycn,sydo,sye1,sye9,syea,syei,syek,syfz,syg0,syg1,syg2,syg3,syg4,syg5,syg7,sygf,syge,sygg,sygi,syey,sygj,sygm,sygq,sygu,sy6p,sy51,sy9q,sy2b,sy2c,sy2g,sy56,sy57,sy58,sy4e,sy5a,sy5b,sy4r,sy4t,sy50,sy53,sy9k,sy9m,sy9n,syp1,syp3,syhl,syhm,sy7l,syn8,synh,syng,sy5x,sy78,sy7g,sycq,syaq,sy9c,sya2,syef,sygv,pm_coliseum_enum_strings,sy7t,sy6s,sy96,sya0,sy29,sy2a,sy2d,sy2h,sy55,sy52,sy9l,syx4,syhq,syhs,sy5j,sy44,syi4,sy7p,synb,synd,synf,sy7h,sy9x,sy9z,sybz,sycr,sye6,sygw,syif,sy6t,sy6r,syk7,sych,sy2i,sy1q,sy54,sy9o,syx1,syx5,syx3,syhr,sy5h,sy3k,sy5k,sy6d,sy6g,sy43,sy4c,sye0,syj5,syq1,syq3,sy14h,sy1cp,sy1cq,sy4m,sy6e,sy5l,sync,syne,syq5,sy1cr,x9o62e,sy1aq,sy27,sy4l,sy69,sy7i,sy93,sy9y,syc0,sycc,sye5,syel,syer,sygx,syig,syk6,syk8,sype,syq2,syr3,syr6,syrp,syrq,syrs,sywz,syxy,sy10a,sy142,sy15e,sy1bg,sy1bh,sy1c1,sy1cg,sy1cn,sy1co,syqi,syzp,xGelid,sy1ck,sy1cm,S34eKd → 200 (37ms, -1067B)
[2026-07-10T11:41:20.452Z] GET https://www.gstatic.com/_/mss/boq-cloud-client/_/js/k=boq-cloud-client.CloudConsoleWeb.en_GB.k-xPrhmDCfY.es5.O/am=AAAAAIDxcAACAAAAAEAB/d=0/excm=core/ed=1/wt=2/ujg=1/rs=AJ563L_GD_v-fx5T973qESl_e-qI4ttYsQ/dti=1/m=sybs,sybu,sybx,syby,sybm,syce,sy3j,sy8u,sybb,sybp,sybq,sybw,syc2,syci,sycg,sy8b,sya1,sybo,sybr,syc4,sycf,sycj,syck,sycl,sycm,pm_unattended_project_recommender_enum_strings,syc3,HNIUed,sy1cj,iIEKtc,GoZShd → 200 (25ms, -1066B)
[2026-07-10T11:41:20.452Z] GET https://www.gstatic.com/_/mss/boq-cloud-client/_/js/k=boq-cloud-client.CloudConsoleWeb.en_GB.k-xPrhmDCfY.es5.O/am=AAAAAIDxcAACAAAAAEAB/d=0/excm=core/ed=1/wt=2/ujg=1/rs=AJ563L_GD_v-fx5T973qESl_e-qI4ttYsQ/dti=1/m=sy8q,sy8r,syj4,syj2,symp,symq,sy32,sy8s,pm_drz_hidden_feature_message,syi0,syis,syj3,symr,sytb,sy15w,sy16k,sy1b5,sy1by,Xvh7i → 200 (35ms, -1067B)
[2026-07-10T11:41:20.452Z] GET https://www.gstatic.com/_/mss/boq-cloud-client/_/js/k=boq-cloud-client.CloudConsoleWeb.en_GB.k-xPrhmDCfY.es5.O/am=AAAAAIDxcAACAAAAAEAB/d=0/excm=core/ed=1/wt=2/ujg=1/rs=AJ563L_GD_v-fx5T973qESl_e-qI4ttYsQ/dti=1/m=syvf,sy1cf,CMU4ce → 200 (25ms, -1065B)
[2026-07-10T11:41:20.452Z] GET https://www.gstatic.com/_/mss/boq-cloud-client/_/js/k=boq-cloud-client.CloudConsoleWeb.en_GB.k-xPrhmDCfY.es5.O/am=AAAAAIDxcAACAAAAAEAB/d=0/excm=core/ed=1/wt=2/ujg=1/rs=AJ563L_GD_v-fx5T973qESl_e-qI4ttYsQ/dti=1/m=sy7o,wx6YQ → 200 (26ms, -1065B)
[2026-07-10T11:41:20.452Z] GET https://www.gstatic.com/_/mss/boq-cloud-client/_/js/k=boq-cloud-client.CloudConsoleWeb.en_GB.k-xPrhmDCfY.es5.O/am=AAAAAIDxcAACAAAAAEAB/d=0/excm=core/ed=1/wt=2/ujg=1/rs=AJ563L_GD_v-fx5T973qESl_e-qI4ttYsQ/dti=1/m=sy3m,sy6u,sy3n,sy3o,sy64,sy68,sy6v,sy4k,sy79,sy7a,sy7b,sy7c,sy7e,sy3l,sy3q,sy3z,sy40,sy4n,sy4o,sy4q,sy5c,sy6f,sy4j,sy5i,sy5m,sy5n,sy62,sy6k,sy6l,sy6q,sy7f,sy7k,sy7m,sy7r,sy7s,sy7w,AvDEXc,synz,syix,sy41,syny,syo0,syip,syiw,syiy,sy31,sykl,sylt,syr5,syet,syiv,sytn,syr2,sy1r,sy30,sykm,sylu,syox,sysu,sytm,sytt,syw1,sy16c,hp44K → 200 (37ms, -1067B)
[2026-07-10T11:41:20.452Z] GET https://www.gstatic.com/_/mss/boq-cloud-client/_/js/k=boq-cloud-client.CloudConsoleWeb.en_GB.k-xPrhmDCfY.es5.O/am=AAAAAIDxcAACAAAAAEAB/d=0/excm=core/ed=1/wt=2/ujg=1/rs=AJ563L_GD_v-fx5T973qESl_e-qI4ttYsQ/dti=1/m=syfm,sykr,syie,syk1,syks,sywo,sylw,syv5,syva,syvx,sywn,sy1cl,LVZJVd → 200 (36ms, -1066B)
[2026-07-10T11:41:20.452Z] GET https://www.gstatic.com/_/mss/boq-cloud-client/_/js/k=boq-cloud-client.CloudConsoleWeb.en_GB.k-xPrhmDCfY.es5.O/am=AAAAAIDxcAACAAAAAEAB/d=0/excm=core/ed=1/wt=2/ujg=1/rs=AJ563L_GD_v-fx5T973qESl_e-qI4ttYsQ/dti=1/m=syuh,syuj,syup,vBgTr → 200 (35ms, -1065B)
[2026-07-10T11:41:20.453Z] GET https://www.gstatic.com/_/mss/boq-cloud-client/_/js/k=boq-cloud-client.CloudConsoleWeb.en_GB.k-xPrhmDCfY.es5.O/am=AAAAAIDxcAACAAAAAEAB/d=0/excm=core/ed=1/wt=2/ujg=1/rs=AJ563L_GD_v-fx5T973qESl_e-qI4ttYsQ/dti=1/m=O99Ygd → 200 (37ms, -1065B)
[2026-07-10T11:41:20.453Z] GET https://www.gstatic.com/_/mss/boq-cloud-client/_/js/k=boq-cloud-client.CloudConsoleWeb.en_GB.k-xPrhmDCfY.es5.O/am=AAAAAIDxcAACAAAAAEAB/d=0/excm=core/ed=1/wt=2/ujg=1/rs=AJ563L_GD_v-fx5T973qESl_e-qI4ttYsQ/dti=1/m=IHhyCb → 200 (37ms, -1065B)
[2026-07-10T11:41:20.453Z] GET https://www.gstatic.com/_/mss/boq-cloud-client/_/js/k=boq-cloud-client.CloudConsoleWeb.en_GB.k-xPrhmDCfY.es5.O/am=AAAAAIDxcAACAAAAAEAB/d=0/excm=core/ed=1/wt=2/ujg=1/rs=AJ563L_GD_v-fx5T973qESl_e-qI4ttYsQ/dti=1/m=sy1y,sy1m,sy1s,sy1u,sy1z,pm_error_service,pm_section_nav_service_module,sy1t,sy23,sy28,pm_pangolin_sandbox,pm_deferred_unsaved_ui_dialog,pm_sandbox_route_module → 200 (40ms, -1066B)
[2026-07-10T11:41:20.453Z] GET https://www.gstatic.com/pantheon/images/cm3/googleCloudColoredLogoLight_wm.svg → 200 (?ms, -846B)
[2026-07-10T11:41:20.453Z] GET https://lh3.googleusercontent.com/a/ACg8ocKShGbPh-DbghEx9bvSZSHQVdLFtwbQ7ifKkjiGT9qcGt0INestwA=s96-c → 200 (?ms, -504B)
[2026-07-10T11:41:20.464Z] GET https://fonts.gstatic.com/s/googlesans/v62/4UasrENHsxJlGDuGo1OIlJfC6l_24rlCK1Yo_Iqcsih3SAyH6cAwhX9RPjIUvbQoi-E.woff2 → 200 (1ms, -815B)
[2026-07-10T11:41:20.464Z] GET https://fonts.gstatic.com/s/googlesansflex/v5/t5sEIQcYNIWbFgDgAAzZ34auoVyXkJCOvp3SFWJbN5hF8Ju1x6sKCyp0l9sI40swNJwInycYAJzz0m7kJ4qFQOJBOjLvDSndo0SKMpKSTzwliVdHAy4bxTDHg_ugnAakp8ubq8BIo1pdkkXZj4igdvKMDV-NG2sP.woff2 → 200 (1ms, -812B)
[2026-07-10T11:41:20.465Z] GET https://fonts.gstatic.com/s/roboto/v48/KFO7CnqEu92Fr1ME7kSn66aGLdTylUAMa3yUBHMdazQ.woff2 → 200 (?ms, -815B)
[2026-07-10T11:41:20.471Z] GET https://www.gstatic.com/_/mss/boq-cloud-client/_/js/k=boq-cloud-client.CloudConsoleWeb.en_GB.k-xPrhmDCfY.es5.O/am=AAAAAIDxcAACAAAAAEAB/d=0/excm=core/ed=1/wt=2/ujg=1/rs=AJ563L_GD_v-fx5T973qESl_e-qI4ttYsQ/dti=1/m=sy8v,sy8w,sy8t,sy8o,sy8x,sy8d,sy8k,sy8l,sy8m,sy8n,sy8z,sy90,sy8j,syw3,pm_pcc_section_nav → 200 (33ms, -1055B)
[2026-07-10T11:41:20.473Z] GET https://console.cloud.google.com/p/ping → 200 (138ms, 12710B)
[2026-07-10T11:41:20.492Z] POST https://cloudconsole-pa.clients6.google.com/v3/entityServices/OperationsEntityService/schemas/OPERATIONS_GRAPHQL:batchGraphql?key=AIzaSyCI-zsRP85UVOi0DjtiCwWBwQ1djDy741g&prettyPrint=false → 200 (408ms, 2820B)
[2026-07-10T11:41:20.503Z] GET https://cloudusersettings-pa.clients6.google.com/v1alpha1/settings/CONSOLE_VISITED_PAGES?key=AIzaSyCI-zsRP85UVOi0DjtiCwWBwQ1djDy741g → 200 (183ms, 859B)
[2026-07-10T11:41:20.504Z] GET https://www.gstatic.com/_/mss/boq-cloud-client/_/js/k=boq-cloud-client.CloudConsoleWeb.en_GB.k-xPrhmDCfY.es5.O/am=AAAAAIDxcAACAAAAAEAB/d=0/excm=core/ed=1/wt=2/ujg=1/rs=AJ563L_GD_v-fx5T973qESl_e-qI4ttYsQ/dti=1/m=xsFgfc → 200 (98ms, -1065B)
[2026-07-10T11:41:20.504Z] GET https://www.gstatic.com/glue/cookienotificationbar/cookienotificationbar.min.css → 200 (105ms, 16B)
[2026-07-10T11:41:20.504Z] GET https://www.gstatic.com/_/mss/boq-cloud-client/_/js/k=boq-cloud-client.CloudConsoleWeb.en_GB.k-xPrhmDCfY.es5.O/am=AAAAAIDxcAACAAAAAEAB/d=0/excm=core/ed=1/wt=2/ujg=1/rs=AJ563L_GD_v-fx5T973qESl_e-qI4ttYsQ/dti=1/m=hcz4vf → 200 (100ms, -1065B)
[2026-07-10T11:41:20.504Z] GET https://www.gstatic.com/feedback/js/help/prod/service/lazy.min.js → 200 (304ms, 15B)
[2026-07-10T11:41:20.528Z] POST https://cloudconsole-pa.clients6.google.com/v3/entityServices/ShellUcanEntityService/schemas/SHELL_UCAN_ENTITY_SERVICE_GQL_TRANSPORT:batchGraphql?key=AIzaSyCI-zsRP85UVOi0DjtiCwWBwQ1djDy741g&prettyPrint=false → 200 (219ms, 377B)
[2026-07-10T11:41:20.528Z] GET https://cloudusersettings-pa.clients6.google.com/v1alpha1/settings/CONSOLE_NAV_UNLOCKED?key=AIzaSyCI-zsRP85UVOi0DjtiCwWBwQ1djDy741g → 404 (157ms, 149B)
[2026-07-10T11:41:20.528Z] GET https://cloudusersettings-pa.clients6.google.com/v1alpha1/settings/GETTING_STARTED_SIDENAV?key=AIzaSyCI-zsRP85UVOi0DjtiCwWBwQ1djDy741g → 200 (199ms, 266B)
[2026-07-10T11:41:20.529Z] GET https://www.gstatic.com/_/mss/boq-cloud-client/_/js/k=boq-cloud-client.CloudConsoleWeb.en_GB.k-xPrhmDCfY.es5.O/am=AAAAAIDxcAACAAAAAEAB/d=0/excm=core/ed=1/wt=2/ujg=1/rs=AJ563L_GD_v-fx5T973qESl_e-qI4ttYsQ/dti=1/m=M1FKGb → 200 (79ms, -1065B)
[2026-07-10T11:41:20.535Z] GET https://www.gstatic.com/_/mss/boq-cloud-client/_/js/k=boq-cloud-client.CloudConsoleWeb.en_GB.k-xPrhmDCfY.es5.O/am=AAAAAIDxcAACAAAAAEAB/d=0/excm=core/ed=1/wt=2/ujg=1/rs=AJ563L_GD_v-fx5T973qESl_e-qI4ttYsQ/dti=1/m=syep,sy1c8,ZNGQR → 200 (73ms, -1065B)
[2026-07-10T11:41:20.535Z] GET https://www.gstatic.com/_/mss/boq-cloud-client/_/js/k=boq-cloud-client.CloudConsoleWeb.en_GB.k-xPrhmDCfY.es5.O/am=AAAAAIDxcAACAAAAAEAB/d=0/excm=core/ed=1/wt=2/ujg=1/rs=AJ563L_GD_v-fx5T973qESl_e-qI4ttYsQ/dti=1/m=orLYmc → 200 (73ms, -1065B)
[2026-07-10T11:41:20.535Z] GET https://www.gstatic.com/_/mss/boq-cloud-client/_/js/k=boq-cloud-client.CloudConsoleWeb.en_GB.k-xPrhmDCfY.es5.O/am=AAAAAIDxcAACAAAAAEAB/d=0/excm=core/ed=1/wt=2/ujg=1/rs=AJ563L_GD_v-fx5T973qESl_e-qI4ttYsQ/dti=1/m=whoAz → 200 (73ms, -1064B)
[2026-07-10T11:41:20.549Z] POST https://cloudconsole-pa.clients6.google.com/v3/entityServices/CrmEntityService/schemas/CRM_GRAPHQL:batchGraphql?key=AIzaSyCI-zsRP85UVOi0DjtiCwWBwQ1djDy741g&prettyPrint=false → pending (?ms, ?B)
[2026-07-10T11:41:20.549Z] GET https://cloudusersettings-pa.clients6.google.com/v1alpha1/settings/GROWTH_TARGETED_FEATURE_HISTORY/keys/search_bar_tips_callout?key=AIzaSyCI-zsRP85UVOi0DjtiCwWBwQ1djDy741g → 200 (217ms, 403B)
[2026-07-10T11:41:20.549Z] GET https://cloudusersettings-pa.clients6.google.com/v1alpha1/settings/GROWTH_TARGETED_FEATURE_HISTORY/keys/search_bar_tips_callout?key=AIzaSyCI-zsRP85UVOi0DjtiCwWBwQ1djDy741g → 200 (137ms, 390B)
[2026-07-10T11:41:20.549Z] GET https://cloudusersettings-pa.clients6.google.com/v1alpha1/settings/GROWTH_TARGETED_FEATURE_HISTORY/keys/console_search_product_summaries_callout?key=AIzaSyCI-zsRP85UVOi0DjtiCwWBwQ1djDy741g → 404 (207ms, 165B)
[2026-07-10T11:41:20.550Z] GET https://www.gstatic.com/_/mss/boq-cloud-client/_/js/k=boq-cloud-client.CloudConsoleWeb.en_GB.k-xPrhmDCfY.es5.O/am=AAAAAIDxcAACAAAAAEAB/d=0/excm=core/ed=1/wt=2/ujg=1/rs=AJ563L_GD_v-fx5T973qESl_e-qI4ttYsQ/dti=1/m=wbCj8b → 200 (59ms, -1063B)
[2026-07-10T11:41:20.558Z] POST https://cloudconsole-pa.clients6.google.com/v3/entityServices/OperationsEntityService/schemas/OPERATIONS_GRAPHQL:batchGraphql?key=AIzaSyCI-zsRP85UVOi0DjtiCwWBwQ1djDy741g&prettyPrint=false → 200 (337ms, 2822B)
[2026-07-10T11:41:20.566Z] POST https://cloudconsole-pa.clients6.google.com/v3/entityServices/OnboardingGraduationEntityService/schemas/ONBOARDING_GRADUATION_GRAPHQL:batchGraphql?key=AIzaSyCI-zsRP85UVOi0DjtiCwWBwQ1djDy741g&prettyPrint=false → 200 (550ms, ?B)
[2026-07-10T11:41:20.569Z] GET https://cloudusersettings-pa.clients6.google.com/v1alpha1/settings/CONSOLE_PINS/keys/CLOUD?key=AIzaSyCI-zsRP85UVOi0DjtiCwWBwQ1djDy741g → 404 (160ms, 163B)
[2026-07-10T11:41:20.569Z] GET https://apis.google.com/_/scs/abc-static/_/js/k=gapi.lb.en.9vdPKhB0RUg.O/m=client/rt=j/sv=1/d=1/ed=1/rs=AHpOoo97anj7zZ432JcN58tqJJp_A6WeOw/cb=gapi.loaded_0?le=scs,fedcm_migration_mod → 200 (40ms, -919B)
[2026-07-10T11:41:20.587Z] POST https://cloudconsole-pa.clients6.google.com/v3/entityServices/CrmEntityService/schemas/CRM_GRAPHQL:batchGraphql?key=AIzaSyCI-zsRP85UVOi0DjtiCwWBwQ1djDy741g&prettyPrint=false → pending (?ms, ?B)
[2026-07-10T11:41:20.587Z] GET https://www.gstatic.com/_/mss/boq-cloud-client/_/js/k=boq-cloud-client.CloudConsoleWeb.en_GB.k-xPrhmDCfY.es5.O/am=AAAAAIDxcAACAAAAAEAB/d=0/excm=core/ed=1/wt=2/ujg=1/rs=AJ563L_GD_v-fx5T973qESl_e-qI4ttYsQ/dti=1/m=XbUFjf → 200 (22ms, -1064B)
[2026-07-10T11:41:20.599Z] GET https://console.cloud.google.com/pangolin/iframe.html?cb=2749402009334394&authuser=0 → 200 (4ms, -18457B)
[2026-07-10T11:41:20.602Z] GET https://www.google.com/js/bg/Y9LLz07Giia6bn27K9egd_leLM6ikTBXEZhdUDPBdhY.js → 200 (10ms, -813B)
[2026-07-10T11:41:20.603Z] GET https://cloudusersettings-pa.clients6.google.com/v1alpha1/settings/SIDENAV_COMPACT_MODE?key=AIzaSyCI-zsRP85UVOi0DjtiCwWBwQ1djDy741g → 404 (134ms, 164B)
[2026-07-10T11:41:20.604Z] GET https://www.gstatic.com/_/mss/boq-cloud-client/_/js/k=boq-cloud-client.CloudConsoleWeb.en_GB.k-xPrhmDCfY.es5.O/am=AAAAAIDxcAACAAAAAEAB/d=0/excm=core/ed=1/wt=2/ujg=1/rs=AJ563L_GD_v-fx5T973qESl_e-qI4ttYsQ/dti=1/m=syzv,PYyJrc → 200 (21ms, -1067B)
[2026-07-10T11:41:20.604Z] GET https://www.gstatic.com/_/mss/boq-cloud-client/_/js/k=boq-cloud-client.CloudConsoleWeb.en_GB.k-xPrhmDCfY.es5.O/am=AAAAAIDxcAACAAAAAEAB/d=0/excm=core/ed=1/wt=2/ujg=1/rs=AJ563L_GD_v-fx5T973qESl_e-qI4ttYsQ/dti=1/m=sy2v,sy3v,sy3w,syb5,syb6,syb7,syb8,syb9,syba,sye3,sye4,syes,syon,syoo,syow,sypw,sypx,sypk,syq9,syqa,syrf,sytu,syur,syw4,syy3,syy6,syyj,syyy,syzr,syzw,sy107,sy11i,sy14o,sy15f,sy15g,sy15h,sy15i,sy15j,sy15k,sy17d,sy17e,sy19x,sy1bt,sy1bu,sy1bv,sy1bw,sy1bx,sy1bz,sy1c0,sy1c2,vSUPhf → 200 (21ms, -1055B)
[2026-07-10T11:41:20.623Z] GET https://www.gstatic.com/glue/cookienotificationbar/config/2b.json?hl=en-GB → 200 (255ms, 15B)
[2026-07-10T11:41:20.665Z] GET https://console.cloud.google.com/generate_204?ohPtTg → 204 (20ms, 10B)
[2026-07-10T11:41:20.684Z] GET https://www.gstatic.com/_/mss/boq-cloud-client/_/js/k=boq-cloud-client.OauthMicroUi.en_GB.j5nGMSzqZpY.es6.O/d=1/rs=AJ563L-grx8IQLOmP39mbNfAtIRo2CYIQw/m=b → 200 (?ms, -1056B)
[2026-07-10T11:41:20.685Z] GET https://www.gstatic.com/_/mss/boq-cloud-client/_/ss/k=boq-cloud-client.OauthMicroUi.UXMHN-gY9U8.L.W.O/d=1/rs=AJ563L8nlj8oUyajSjdggCcsvZBfK-BsDg/m=b → 200 (?ms, -1059B)
[2026-07-10T11:41:20.726Z] GET https://www.gstatic.com/_/mss/boq-cloud-client/_/js/k=boq-cloud-client.OauthMicroUi.en_GB.j5nGMSzqZpY.es6.O/ck=boq-cloud-client.OauthMicroUi.UXMHN-gY9U8.L.W.O/d=0/rs=AJ563L9pDFqs27s4hfOHOcmMR4rSMYosXA/m=sy2l,sy21,sy3c,sy6k,sy33,sy2n,sy2m,sy4j,sy2z,sy3g,sy4c,sy23,sy3b,syo,sy36,sy7m,sy6l,sy32,sy2k,sy4h,sy2p,sy4i,sy3t,sy4k,sy4l,sy47,sy30,sy4f,sy2v,sy1m,sy3d,sy69,sy2j,sy7n,sy7u,sy7o,sy7z,sy40,sy4g,sy5j,sy4n,sy1x,sy20,sy1y,sy2w,sy82,sy5c,sy59,sy6c,sy7y,sy4m,sy84,sy42,sy4p,sy4r,sy4o,sy4d,sy4s,sy1z,sy48,sy1i,sy5z,sy7p,sy81,sy80,sy83,sy85,sy86,sy2b,sy43,sy56,sy6x,sy3u,sy4q,sy25,sy46,sy4a,sy37,sy7t,sy7w,sy7v,sy2d,sy2a,syhq,syhp,synz,sy5f,sy3f,sy41,sy45,sy44,sy49,sy4b,sy7r,sy7q,sy7x,sy87,sybt,sy2c,syhr,sydq,syq6,sy2,sypf,syo1,sy5g,sy3e,sy3z,sy7s,sybs,syhm,syhs,sypk,syq5,syrx,syrz,sys0,sys1,sys2,HdUSec → 200 (50ms, -1056B)
[2026-07-10T11:41:20.747Z] GET https://cloudusersettings-pa.clients6.google.com/v1alpha1/settings/GROWTH_TARGETED_FEATURE_HISTORY/keys/console_nav_improvements_callout?key=AIzaSyCI-zsRP85UVOi0DjtiCwWBwQ1djDy741g → 200 (138ms, 420B)
[2026-07-10T11:41:20.752Z] GET https://cloudusersettings-pa.clients6.google.com/v1alpha1/settings/GROWTH_TARGETED_FEATURE_HISTORY/keys/console_nav_improvements_callout?key=AIzaSyCI-zsRP85UVOi0DjtiCwWBwQ1djDy741g → 200 (68ms, 422B)
[2026-07-10T11:41:20.768Z] PUT https://cloudusersettings-pa.clients6.google.com/v1alpha1/settings/GROWTH_TARGETED_FEATURE_HISTORY/keys/search_bar_tips_callout?key=AIzaSyCI-zsRP85UVOi0DjtiCwWBwQ1djDy741g → 200 (352ms, 407B)
[2026-07-10T11:41:20.801Z] POST https://cloudconsole-pa.clients6.google.com/v3/entityServices/CrmEntityService/schemas/CRM_GRAPHQL:batchGraphql?key=AIzaSyCI-zsRP85UVOi0DjtiCwWBwQ1djDy741g&prettyPrint=false → 200 (423ms, 489B)
[2026-07-10T11:41:20.801Z] POST https://cloudconsole-pa.clients6.google.com/v3/entityServices/IamEntityService/schemas/IAM_GRAPHQL:batchGraphql?key=AIzaSyCI-zsRP85UVOi0DjtiCwWBwQ1djDy741g&prettyPrint=false → 200 (161ms, 398B)
[2026-07-10T11:41:20.808Z] GET https://www.gstatic.com/_/mss/boq-cloud-client/_/js/k=boq-cloud-client.CloudConsoleWeb.en_GB.k-xPrhmDCfY.es5.O/am=AAAAAIDxcAACAAAAAEAB/d=0/excm=core/ed=1/wt=2/ujg=1/rs=AJ563L_GD_v-fx5T973qESl_e-qI4ttYsQ/dti=1/m=ApENBd → 200 (1ms, -1064B)
[2026-07-10T11:41:20.819Z] GET https://www.googletagmanager.com/gtm.js?id=GTM-N9R567H&l=gtmDataLayer&gtm=4e6781 → 200 (24ms, 19B)
[2026-07-10T11:41:20.824Z] GET https://www.googletagmanager.com/gtm.js?id=GTM-PPLMTSHB&l=gtmDataLayer&gtm=4e6781 → 200 (54ms, 19B)
[2026-07-10T11:41:20.839Z] GET https://console.cloud.google.com/pangolin/iframe.html?cb=2749402009334394&authuser=0 → 200 (2ms, -18457B)
[2026-07-10T11:41:20.877Z] GET https://www.googletagmanager.com/gtag/js?id=G-WH2QY8WWF5&l=gtmDataLayer&cx=c&gtm=4e6781 → 200 (52ms, 153749B)
[2026-07-10T11:41:20.886Z] PUT https://cloudusersettings-pa.clients6.google.com/v1alpha1/settings/GROWTH_TARGETED_FEATURE_HISTORY/keys/console_nav_improvements_callout?key=AIzaSyCI-zsRP85UVOi0DjtiCwWBwQ1djDy741g → 200 (331ms, 422B)
[2026-07-10T11:41:20.896Z] GET https://cloudusersettings-pa.clients6.google.com/v1alpha1/settings/PAN_NOTIFICATION_BELL_LAST_OPENED?key=AIzaSyCI-zsRP85UVOi0DjtiCwWBwQ1djDy741g → 200 (94ms, 219B)
[2026-07-10T11:41:20.897Z] POST https://accounts.google.com/RotateCookies → 200 (69ms, 98B)
[2026-07-10T11:41:20.954Z] POST https://analytics.google.com/g/collect?v=2&tid=G-WH2QY8WWF5&gtm=45je6781v873759632z8897537567za20gzb897537567zd6343254&_p=1783683680319&_gaz=1&gcd=13l3l3l3l1l1&npa=0&dma=0&_eu=EAAAAGQ&_ng=1&are=1&cid=1173743700.1783676912&frm=0&ir=1&pscdl=noapi&rcb=5&sr=2560x1440&uaa=x86&uab=64&uafvl=Chromium%3B145.0.7632.6%7CNot%253AA-Brand%3B99.0.0.0&uam=&uamb=0&uap=macOS&uapv=10_15_7&uaw=0&ul=en-us&gaf=2&_s=1&tag_exp=115616985~115938466~115938468~118826210~118897920~118897930~119027224~119709549&dl=console.cloud.google-b197145817.com%2Fpan-unresolved-page-path&dp=pan-unresolved-page-path&dt=-&sid=1783683680&sct=2&seg=0&en=console&_ss=1&ep.country=ID&ep.release_version=boq_cloud-boq-console-web_20260706.01_p1&ep.container_id_and_version=GTM-N9R567H%3A59&ep.internal_user=false&ep.signed_in_user=true&ep.console_type=CLOUD&ep.user_country=ID&ep.language_served=en&ep.md1=preloadClick%3Dnull&ep.utmz=utmcsr%3D(direct)%7Cutmcmd%3D(none)%7Cutmccn%3D(direct)&ep.event_type=consoleNavButton&ep.event_name=init&ep.virtual_page=true&ep.has_cj_refparam=false&ep.user_agent=Mozilla%2F5.0%20(Macintosh%3B%20Intel%20Mac%20OS%20X%2010_15_7)%20AppleWebKit%2F537.36%20(KHTML%2C%20like%20Gecko)%20Chrome%2F145.0.7632.6%20Safari%2F537.36&tfd=1132 → 204 (159ms, ?B)
[2026-07-10T11:41:20.954Z] POST https://stats.g.doubleclick.net/g/collect?v=2&_ng=1&tid=G-WH2QY8WWF5&cid=1173743700.1783676912&gtm=45je6781v873759632z8897537567za20gzb897537567zd6343254&rcb=5&aip=1&dma=0&gcd=13l3l3l3l1l1&npa=0&frm=0&tag_exp=115616985~115938466~115938468~118826210~118897920~118897930~119027224~119709549 → 204 (160ms, 20B)
[2026-07-10T11:41:20.954Z] GET https://www.google.co.id/ads/ga-audiences?v=1&t=sr&slf_rd=1&_r=4&_ng=1&tid=G-WH2QY8WWF5&cid=1173743700.1783676912&gtm=45je6781v873759632z8897537567za20gzb897537567zd6343254&rcb=5&aip=1&dma=0&gcd=13l3l3l3l1l1&npa=0&frm=0&tag_exp=115616985~115938466~115938468~118826210~118897920~118897930~119027224~119709549&z=816195917 → 200 (163ms, 63B)
[2026-07-10T11:41:20.962Z] POST https://cloudconsole-pa.clients6.google.com/v3/entityServices/CrmEntityService/schemas/CRM_GRAPHQL:batchGraphql?key=AIzaSyCI-zsRP85UVOi0DjtiCwWBwQ1djDy741g&prettyPrint=false → 200 (167ms, 306B)
[2026-07-10T11:41:21.120Z] POST https://cloud.google.com/log → 200 (27ms, 137B)
[2026-07-10T11:41:21.120Z] POST https://cloud.google.com/log → 200 (25ms, 137B)
[2026-07-10T11:41:21.130Z] POST https://cloudconsole-pa.clients6.google.com/v3/entityServices/GlobalsearchEntityService/schemas/GLOBALSEARCH_ENTITY_SERVICE_GQL_TRANSPORT:batchGraphql?key=AIzaSyCI-zsRP85UVOi0DjtiCwWBwQ1djDy741g&prettyPrint=false → pending (?ms, ?B)
[2026-07-10T11:41:21.395Z] POST https://cloud.google.com/log?format=json&hasfast=true&authuser=0 → 200 (241ms, 156B)
[2026-07-10T11:41:21.537Z] POST https://cloudconsole-pa.clients6.google.com/v3/entityServices/OauthEntityService/schemas/OAUTH_GRAPHQL:batchGraphql?key=AIzaSyCI-zsRP85UVOi0DjtiCwWBwQ1djDy741g&prettyPrint=false → pending (?ms, ?B)
[2026-07-10T11:41:21.537Z] POST https://cloudconsole-pa.clients6.google.com/v3/entityServices/OauthEntityService/schemas/OAUTH_GRAPHQL:batchGraphql?key=AIzaSyCI-zsRP85UVOi0DjtiCwWBwQ1djDy741g&prettyPrint=false → 200 (381ms, 355B)
[2026-07-10T11:41:21.537Z] POST https://cloudconsole-pa.clients6.google.com/v3/entityServices/OauthEntityService/schemas/OAUTH_GRAPHQL:batchGraphql?key=AIzaSyCI-zsRP85UVOi0DjtiCwWBwQ1djDy741g&prettyPrint=false → 200 (217ms, 329B)
[2026-07-10T11:41:22.350Z] POST https://cloudconsole-pa.clients6.google.com/v3/entityServices/EasyapiEntityService/schemas/EASYAPI_GRAPHQL:batchGraphql?key=AIzaSyCI-zsRP85UVOi0DjtiCwWBwQ1djDy741g&prettyPrint=false → pending (?ms, ?B)
[2026-07-10T11:41:22.646Z] POST https://cloud.google.com/log?format=json&hasfast=true&authuser=0 → 200 (74ms, 156B)
[2026-07-10T11:41:22.942Z] POST https://cloudconsole-pa.clients6.google.com/v3/entityServices/OauthEntityService/schemas/OAUTH_GRAPHQL:batchGraphql?key=AIzaSyCI-zsRP85UVOi0DjtiCwWBwQ1djDy741g&prettyPrint=false → pending (?ms, 812B)
[2026-07-10T11:41:23.611Z] PUT https://cloudusersettings-pa.clients6.google.com/v1alpha1/recent/PROJECT?key=AIzaSyCI-zsRP85UVOi0DjtiCwWBwQ1djDy741g → 200 (693ms, 73B)
[2026-07-10T11:41:23.611Z] POST https://cloudconsole-pa.clients6.google.com/v3/entityServices/IamEntityService/schemas/IAM_GRAPHQL:batchGraphql?key=AIzaSyCI-zsRP85UVOi0DjtiCwWBwQ1djDy741g&prettyPrint=false → 200 (219ms, 428B)
[2026-07-10T11:41:23.611Z] POST https://cloudconsole-pa.clients6.google.com/v3/entityServices/IamEntityService/schemas/IAM_GRAPHQL:batchGraphql?key=AIzaSyCI-zsRP85UVOi0DjtiCwWBwQ1djDy741g&prettyPrint=false → 200 (149ms, 370B)
[2026-07-10T11:41:23.611Z] POST https://cloudconsole-pa.clients6.google.com/v3/entityServices/ServiceUsageEntityService/schemas/SERVICE_USAGE_GRAPHQL:batchGraphql?key=AIzaSyCI-zsRP85UVOi0DjtiCwWBwQ1djDy741g&prettyPrint=false → 200 (648ms, 2611B)
[2026-07-10T11:41:23.611Z] POST https://cloudconsole-pa.clients6.google.com/v3/entityServices/AtlasEntityService/schemas/ATLAS_GRAPHQL:batchGraphql?key=AIzaSyCI-zsRP85UVOi0DjtiCwWBwQ1djDy741g&prettyPrint=false → 200 (489ms, 831B)
[2026-07-10T11:41:23.611Z] POST https://cloudconsole-pa.clients6.google.com/v3/entityServices/IamEntityService/schemas/IAM_GRAPHQL:batchGraphql?key=AIzaSyCI-zsRP85UVOi0DjtiCwWBwQ1djDy741g&prettyPrint=false → 200 (148ms, 352B)
[2026-07-10T11:41:23.612Z] POST https://cloudconsole-pa.clients6.google.com/v3/entityServices/EasyapiEntityService/schemas/EASYAPI_GRAPHQL:batchGraphql?key=AIzaSyCI-zsRP85UVOi0DjtiCwWBwQ1djDy741g&prettyPrint=false → 200 (293ms, ?B)
[2026-07-10T11:41:23.612Z] POST https://cloudconsole-pa.clients6.google.com/v3/entityServices/IamEntityService/schemas/IAM_GRAPHQL:batchGraphql?key=AIzaSyCI-zsRP85UVOi0DjtiCwWBwQ1djDy741g&prettyPrint=false → 200 (146ms, 341B)
[2026-07-10T11:41:23.612Z] POST https://cloudconsole-pa.clients6.google.com/v3/entityServices/AbuseEntityService/schemas/ABUSE_GRAPHQL:batchGraphql?key=AIzaSyCI-zsRP85UVOi0DjtiCwWBwQ1djDy741g&prettyPrint=false → 200 (648ms, 322B)
[2026-07-10T11:41:23.612Z] POST https://cloudconsole-pa.clients6.google.com/v3/entityServices/IamEntityService/schemas/IAM_GRAPHQL:batchGraphql?key=AIzaSyCI-zsRP85UVOi0DjtiCwWBwQ1djDy741g&prettyPrint=false → 200 (141ms, 346B)
[2026-07-10T11:41:23.612Z] POST https://cloudconsole-pa.clients6.google.com/v3/entityServices/OrgpolicyEntityService/schemas/ORGPOLICY_GRAPHQL:batchGraphql?key=AIzaSyCI-zsRP85UVOi0DjtiCwWBwQ1djDy741g&prettyPrint=false → 200 (521ms, 460B)
[2026-07-10T11:41:23.612Z] POST https://cloudconsole-pa.clients6.google.com/v3/entityServices/ServiceUsageEntityService/schemas/SERVICE_USAGE_GRAPHQL:batchGraphql?key=AIzaSyCI-zsRP85UVOi0DjtiCwWBwQ1djDy741g&prettyPrint=false → 200 (553ms, 2611B)
[2026-07-10T11:41:23.612Z] GET https://www.gstatic.com/_/mss/boq-cloud-client/_/js/k=boq-cloud-client.CloudConsoleWeb.en_GB.k-xPrhmDCfY.es5.O/am=AAAAAIDxcAACAAAAAEAB/d=0/excm=core/ed=1/wt=2/ujg=1/rs=AJ563L_GD_v-fx5T973qESl_e-qI4ttYsQ/dti=1/m=sy1br,sy1bs,FHt2d → 200 (29ms, -1067B)
[2026-07-10T11:41:23.612Z] GET https://www.gstatic.com/_/mss/boq-cloud-client/_/js/k=boq-cloud-client.CloudConsoleWeb.en_GB.k-xPrhmDCfY.es5.O/am=AAAAAIDxcAACAAAAAEAB/d=0/excm=core/ed=1/wt=2/ujg=1/rs=AJ563L_GD_v-fx5T973qESl_e-qI4ttYsQ/dti=1/m=EbBXy → 200 (29ms, -1065B)
[2026-07-10T11:41:23.668Z] GET https://www.gstatic.com/_/mss/boq-cloud-client/_/js/k=boq-cloud-client.CloudConsoleWeb.en_GB.k-xPrhmDCfY.es5.O/am=AAAAAIDxcAACAAAAAEAB/d=0/excm=core/ed=1/wt=2/ujg=1/rs=AJ563L_GD_v-fx5T973qESl_e-qI4ttYsQ/dti=1/m=pm_survey_service,sybj,sysl,sysm,sy98,syjg,syqz,sys5,pm_learning_panel,pm_targeting_service,pm_new_badge_store,pm_operation_drawer_bootstrap,sy14p,sy14r,LxjEme,pm_navigation_error_generic,syvw,pm_page_meta_service_host,pm_easyapis_redirect_service → 200 (19ms, -1055B)
[2026-07-10T11:41:23.668Z] GET https://www.gstatic.com/_/mss/boq-cloud-client/_/js/k=boq-cloud-client.CloudConsoleWeb.en_GB.k-xPrhmDCfY.es5.O/am=AAAAAIDxcAACAAAAAEAB/d=0/excm=core/ed=1/wt=2/ujg=1/rs=AJ563L_GD_v-fx5T973qESl_e-qI4ttYsQ/dti=1/m=idZoVc → 200 (18ms, -1065B)
[2026-07-10T11:41:23.668Z] GET https://www.gstatic.com/_/mss/boq-cloud-client/_/js/k=boq-cloud-client.CloudConsoleWeb.en_GB.k-xPrhmDCfY.es5.O/am=AAAAAIDxcAACAAAAAEAB/d=0/excm=core/ed=1/wt=2/ujg=1/rs=AJ563L_GD_v-fx5T973qESl_e-qI4ttYsQ/dti=1/m=DddBMc → 200 (19ms, -1065B)
[2026-07-10T11:41:23.668Z] GET https://www.gstatic.com/_/mss/boq-cloud-client/_/js/k=boq-cloud-client.CloudConsoleWeb.en_GB.k-xPrhmDCfY.es5.O/am=AAAAAIDxcAACAAAAAEAB/d=0/excm=core/ed=1/wt=2/ujg=1/rs=AJ563L_GD_v-fx5T973qESl_e-qI4ttYsQ/dti=1/m=syvu,t4EaVe → 200 (19ms, -1066B)
[2026-07-10T11:41:23.669Z] GET https://www.gstatic.com/_/mss/boq-cloud-client/_/js/k=boq-cloud-client.CloudConsoleWeb.en_GB.k-xPrhmDCfY.es5.O/am=AAAAAIDxcAACAAAAAEAB/d=0/excm=core/ed=1/wt=2/ujg=1/rs=AJ563L_GD_v-fx5T973qESl_e-qI4ttYsQ/dti=1/m=DXqiAd → 200 (19ms, -1065B)
[2026-07-10T11:41:23.669Z] GET https://www.gstatic.com/_/mss/boq-cloud-client/_/js/k=boq-cloud-client.CloudConsoleWeb.en_GB.k-xPrhmDCfY.es5.O/am=AAAAAIDxcAACAAAAAEAB/d=0/excm=core/ed=1/wt=2/ujg=1/rs=AJ563L_GD_v-fx5T973qESl_e-qI4ttYsQ/dti=1/m=syua,syu9,syul,syub,syuk,syw6,iZPrgb → 200 (19ms, -1066B)
[2026-07-10T11:41:23.669Z] GET https://www.gstatic.com/_/mss/boq-cloud-client/_/js/k=boq-cloud-client.CloudConsoleWeb.en_GB.k-xPrhmDCfY.es5.O/am=AAAAAIDxcAACAAAAAEAB/d=0/excm=core/ed=1/wt=2/ujg=1/rs=AJ563L_GD_v-fx5T973qESl_e-qI4ttYsQ/dti=1/m=pquXUc → 200 (19ms, -1065B)
[2026-07-10T11:41:23.669Z] GET https://www.gstatic.com/_/mss/boq-cloud-client/_/js/k=boq-cloud-client.CloudConsoleWeb.en_GB.k-xPrhmDCfY.es5.O/am=AAAAAIDxcAACAAAAAEAB/d=0/excm=core/ed=1/wt=2/ujg=1/rs=AJ563L_GD_v-fx5T973qESl_e-qI4ttYsQ/dti=1/m=mN20Nd → 200 (20ms, -1065B)
[2026-07-10T11:41:23.669Z] GET https://www.gstatic.com/_/mss/boq-cloud-client/_/js/k=boq-cloud-client.CloudConsoleWeb.en_GB.k-xPrhmDCfY.es5.O/am=AAAAAIDxcAACAAAAAEAB/d=0/excm=core/ed=1/wt=2/ujg=1/rs=AJ563L_GD_v-fx5T973qESl_e-qI4ttYsQ/dti=1/m=EDvO6c → 200 (20ms, -1065B)
[2026-07-10T11:41:23.669Z] GET https://www.gstatic.com/_/mss/boq-cloud-client/_/js/k=boq-cloud-client.CloudConsoleWeb.en_GB.k-xPrhmDCfY.es5.O/am=AAAAAIDxcAACAAAAAEAB/d=0/excm=core/ed=1/wt=2/ujg=1/rs=AJ563L_GD_v-fx5T973qESl_e-qI4ttYsQ/dti=1/m=OJVCwd → 200 (21ms, -1066B)
[2026-07-10T11:41:23.669Z] GET https://www.gstatic.com/_/mss/boq-cloud-client/_/js/k=boq-cloud-client.CloudConsoleWeb.en_GB.k-xPrhmDCfY.es5.O/am=AAAAAIDxcAACAAAAAEAB/d=0/excm=core/ed=1/wt=2/ujg=1/rs=AJ563L_GD_v-fx5T973qESl_e-qI4ttYsQ/dti=1/m=a24jye → 200 (21ms, -1065B)
[2026-07-10T11:41:23.669Z] GET https://www.gstatic.com/_/mss/boq-cloud-client/_/js/k=boq-cloud-client.CloudConsoleWeb.en_GB.k-xPrhmDCfY.es5.O/am=AAAAAIDxcAACAAAAAEAB/d=0/excm=core/ed=1/wt=2/ujg=1/rs=AJ563L_GD_v-fx5T973qESl_e-qI4ttYsQ/dti=1/m=sy1a5,sy1ax,Gcg33d → 200 (21ms, -1066B)
[2026-07-10T11:41:23.669Z] GET https://www.gstatic.com/_/mss/boq-cloud-client/_/js/k=boq-cloud-client.CloudConsoleWeb.en_GB.k-xPrhmDCfY.es5.O/am=AAAAAIDxcAACAAAAAEAB/d=0/excm=core/ed=1/wt=2/ujg=1/rs=AJ563L_GD_v-fx5T973qESl_e-qI4ttYsQ/dti=1/m=pm_confirm_dialog,syvy,pm_assurant_intercept_service → 200 (21ms, -1066B)
[2026-07-10T11:41:23.669Z] GET https://www.gstatic.com/_/mss/boq-cloud-client/_/js/k=boq-cloud-client.CloudConsoleWeb.en_GB.k-xPrhmDCfY.es5.O/am=AAAAAIDxcAACAAAAAEAB/d=0/excm=core/ed=1/wt=2/ujg=1/rs=AJ563L_GD_v-fx5T973qESl_e-qI4ttYsQ/dti=1/m=sy10d,syi2,syo1,syi3,sys6,syjb,sy14s,syje,sy4g,syat,syih,syj6,syja,syo2,syrz,syse,sys7,syty,syy5,sy10l,sy14u,syjf,sy14t,pm_navigation_error_permissions → 200 (24ms, -1066B)
[2026-07-10T11:41:23.669Z] GET https://www.gstatic.com/_/mss/boq-cloud-client/_/js/k=boq-cloud-client.CloudConsoleWeb.en_GB.k-xPrhmDCfY.es5.O/am=AAAAAIDxcAACAAAAAEAB/d=0/excm=core/ed=1/wt=2/ujg=1/rs=AJ563L_GD_v-fx5T973qESl_e-qI4ttYsQ/dti=1/m=sy1cs,mV8hDb → 200 (24ms, -1066B)
[2026-07-10T11:41:23.669Z] GET https://www.gstatic.com/_/mss/boq-cloud-client/_/js/k=boq-cloud-client.CloudConsoleWeb.en_GB.k-xPrhmDCfY.es5.O/am=AAAAAIDxcAACAAAAAEAB/d=0/excm=core/ed=1/wt=2/ujg=1/rs=AJ563L_GD_v-fx5T973qESl_e-qI4ttYsQ/dti=1/m=ofowx → 200 (24ms, -1066B)
[2026-07-10T11:41:23.670Z] GET https://www.gstatic.com/_/mss/boq-cloud-client/_/js/k=boq-cloud-client.CloudConsoleWeb.en_GB.k-xPrhmDCfY.es5.O/am=AAAAAIDxcAACAAAAAEAB/d=0/excm=core/ed=1/wt=2/ujg=1/rs=AJ563L_GD_v-fx5T973qESl_e-qI4ttYsQ/dti=1/m=bdrDbb → 200 (23ms, -1066B)
[2026-07-10T11:41:23.670Z] POST https://cloudconsole-pa.clients6.google.com/v3/entityServices/BillingAccountsEntityService/schemas/BILLING_ACCOUNTS_GRAPHQL:batchGraphql?key=AIzaSyCI-zsRP85UVOi0DjtiCwWBwQ1djDy741g&prettyPrint=false → pending (?ms, ?B)
[2026-07-10T11:41:23.670Z] GET https://www.gstatic.com/_/mss/boq-cloud-client/_/js/k=boq-cloud-client.OauthMicroUi.en_GB.j5nGMSzqZpY.es6.O/ck=boq-cloud-client.OauthMicroUi.UXMHN-gY9U8.L.W.O/d=0/rs=AJ563L9pDFqs27s4hfOHOcmMR4rSMYosXA/m=sy2f,sy2g,sy5l,ym1b0b → 200 (24ms, -1054B)
[2026-07-10T11:41:23.670Z] GET https://www.gstatic.com/_/mss/boq-cloud-client/_/js/k=boq-cloud-client.OauthMicroUi.en_GB.j5nGMSzqZpY.es6.O/ck=boq-cloud-client.OauthMicroUi.UXMHN-gY9U8.L.W.O/d=0/rs=AJ563L9pDFqs27s4hfOHOcmMR4rSMYosXA/m=sycl,syco,kwg1if → 200 (23ms, -1053B)
[2026-07-10T11:41:23.670Z] GET https://www.gstatic.com/_/mss/boq-cloud-client/_/js/k=boq-cloud-client.OauthMicroUi.en_GB.j5nGMSzqZpY.es6.O/ck=boq-cloud-client.OauthMicroUi.UXMHN-gY9U8.L.W.O/d=0/rs=AJ563L9pDFqs27s4hfOHOcmMR4rSMYosXA/m=tgy1fb → 200 (24ms, -1053B)
[2026-07-10T11:41:23.670Z] GET https://www.gstatic.com/_/mss/boq-cloud-client/_/js/k=boq-cloud-client.OauthMicroUi.en_GB.j5nGMSzqZpY.es6.O/ck=boq-cloud-client.OauthMicroUi.UXMHN-gY9U8.L.W.O/d=0/rs=AJ563L9pDFqs27s4hfOHOcmMR4rSMYosXA/m=sy61,sy60,sy73,pm_feedback_service → 200 (24ms, -1067B)
[2026-07-10T11:41:23.670Z] GET https://www.gstatic.com/_/mss/boq-cloud-client/_/js/k=boq-cloud-client.OauthMicroUi.en_GB.j5nGMSzqZpY.es6.O/ck=boq-cloud-client.OauthMicroUi.UXMHN-gY9U8.L.W.O/d=0/rs=AJ563L9pDFqs27s4hfOHOcmMR4rSMYosXA/m=sybu,sy50,sybv,pm_page_not_found_view → 200 (24ms, -1054B)
[2026-07-10T11:41:23.670Z] GET https://www.gstatic.com/_/mss/boq-cloud-client/_/js/k=boq-cloud-client.CloudConsoleWeb.en_GB.k-xPrhmDCfY.es5.O/am=AAAAAIDxcAACAAAAAEAB/d=0/excm=core/ed=1/wt=2/ujg=1/rs=AJ563L_GD_v-fx5T973qESl_e-qI4ttYsQ/dti=1/m=syv0,syvh,sykv,syuo,syuz,syvd,syvc,syve,syvg,syvb,S3QHtb → 200 (24ms, -1067B)
[2026-07-10T11:41:23.675Z] GET https://www.gstatic.com/_/mss/boq-cloud-client/_/js/k=boq-cloud-client.CloudConsoleWeb.en_GB.k-xPrhmDCfY.es5.O/am=AAAAAIDxcAACAAAAAEAB/d=0/excm=core/ed=1/wt=2/ujg=1/rs=AJ563L_GD_v-fx5T973qESl_e-qI4ttYsQ/dti=1/m=sy1ct,IW22Dc → 200 (19ms, -1066B)
[2026-07-10T11:41:23.675Z] GET https://www.gstatic.com/_/mss/boq-cloud-client/_/js/k=boq-cloud-client.CloudConsoleWeb.en_GB.k-xPrhmDCfY.es5.O/am=AAAAAIDxcAACAAAAAEAB/d=0/excm=core/ed=1/wt=2/ujg=1/rs=AJ563L_GD_v-fx5T973qESl_e-qI4ttYsQ/dti=1/m=L6GDLe → 200 (19ms, -1065B)
[2026-07-10T11:41:23.675Z] GET https://www.gstatic.com/_/mss/boq-cloud-client/_/js/k=boq-cloud-client.CloudConsoleWeb.en_GB.k-xPrhmDCfY.es5.O/am=AAAAAIDxcAACAAAAAEAB/d=0/excm=core/ed=1/wt=2/ujg=1/rs=AJ563L_GD_v-fx5T973qESl_e-qI4ttYsQ/dti=1/m=sytz,sy1ap,sy3u,sy1ao,sy1ch,sy1ci,o1dJu → 200 (19ms, -1055B)
[2026-07-10T11:41:23.675Z] GET https://www.gstatic.com/_/mss/boq-cloud-client/_/js/k=boq-cloud-client.CloudConsoleWeb.en_GB.k-xPrhmDCfY.es5.O/am=AAAAAIDxcAACAAAAAEAB/d=0/excm=core/ed=1/wt=2/ujg=1/rs=AJ563L_GD_v-fx5T973qESl_e-qI4ttYsQ/dti=1/m=vda3fb → 200 (19ms, -1066B)
[2026-07-10T11:41:23.683Z] POST https://cloudconsole-pa.clients6.google.com/v3/entityServices/ServiceUsageEntityService/schemas/SERVICE_USAGE_GRAPHQL:batchGraphql?key=AIzaSyCI-zsRP85UVOi0DjtiCwWBwQ1djDy741g&prettyPrint=false → 200 (481ms, 2607B)
[2026-07-10T11:41:23.683Z] POST https://cloudconsole-pa.clients6.google.com/v3/entityServices/IamEntityService/schemas/IAM_GRAPHQL:batchGraphql?key=AIzaSyCI-zsRP85UVOi0DjtiCwWBwQ1djDy741g&prettyPrint=false → 200 (68ms, 345B)
[2026-07-10T11:41:23.683Z] GET https://cloudusersettings-pa.clients6.google.com/v1alpha1/settings:getCurrent/AI_CHAT_INCLUDE_PAGE_CONTEXT?key=AIzaSyCI-zsRP85UVOi0DjtiCwWBwQ1djDy741g → 404 (329ms, 163B)
[2026-07-10T11:41:23.693Z] GET https://www.gstatic.com/_/mss/boq-cloud-client/_/js/k=boq-cloud-client.CloudConsoleWeb.en_GB.k-xPrhmDCfY.es5.O/am=AAAAAIDxcAACAAAAAEAB/d=0/excm=core/ed=1/wt=2/ujg=1/rs=AJ563L_GD_v-fx5T973qESl_e-qI4ttYsQ/dti=1/m=sycz,pm_abuse_banner,pm_aml_global_banner,sy35,syhv,pm_cameo_wrapper,pm_emergency_banner,pm_first_charge_banner,syd9,syda,syde,sydh,syd2,syd3,syd8,syd1,sydb,syd0,sydc,pm_kyc_global_banner,pm_mobile_app_banner,sy15l,sy15m,symg,sy15n,sy15t,sy15u,sy15r,syno,sy15p,sykp,syu6,sy15v,sy15q,sy15o,sy15s,pm_product_attach_banner → 200 (52ms, -1067B)
[2026-07-10T11:41:23.694Z] GET https://www.gstatic.com/_/mss/boq-cloud-client/_/js/k=boq-cloud-client.OauthMicroUi.en_GB.j5nGMSzqZpY.es6.O/ck=boq-cloud-client.OauthMicroUi.UXMHN-gY9U8.L.W.O/d=0/rs=AJ563L9pDFqs27s4hfOHOcmMR4rSMYosXA/m=sy1l,sy1v,sy1o,sy1k,sy1w,sy1p,sy22,sy24,sy28,sy27,sy2e,sy1n,sy26,sy29,syb7,sybd,sy1u,sy55,sybq,syc1,syck,pm_learn_button → 200 (51ms, -1055B)
[2026-07-10T11:41:23.698Z] GET https://cloudusersettings-pa.clients6.google.com/v1alpha1/settings/GROWTH_TARGETED_FEATURE_HISTORY?key=AIzaSyCI-zsRP85UVOi0DjtiCwWBwQ1djDy741g → 400 (159ms, 164B)
[2026-07-10T11:41:23.699Z] GET https://cloudusersettings-pa.clients6.google.com/v1alpha1/settings/GROWTH_TARGETED_FEATURE_HISTORY?key=AIzaSyCI-zsRP85UVOi0DjtiCwWBwQ1djDy741g → 400 (110ms, 164B)
[2026-07-10T11:41:23.699Z] GET https://www.gstatic.com/_/mss/boq-cloud-client/_/js/k=boq-cloud-client.CloudConsoleWeb.en_GB.k-xPrhmDCfY.es5.O/am=AAAAAIDxcAACAAAAAEAB/d=0/excm=core/ed=1/wt=2/ujg=1/rs=AJ563L_GD_v-fx5T973qESl_e-qI4ttYsQ/dti=1/m=syb3,syb4,syv9,sy1av,QG7Nlb → 200 (48ms, -1068B)
[2026-07-10T11:41:23.701Z] POST https://cloudconsole-pa.clients6.google.com/v3/entityServices/TermsofserviceEntityService/schemas/TERMSOFSERVICE_GRAPHQL:batchGraphql?key=AIzaSyCI-zsRP85UVOi0DjtiCwWBwQ1djDy741g&prettyPrint=false → 200 (578ms, 325B)
[2026-07-10T11:41:23.702Z] POST https://cloudconsole-pa.clients6.google.com/v3/entityServices/ShellUcanEntityService/schemas/SHELL_UCAN_ENTITY_SERVICE_GQL_TRANSPORT:batchGraphql?key=AIzaSyCI-zsRP85UVOi0DjtiCwWBwQ1djDy741g&prettyPrint=false → 200 (156ms, 2650B)
[2026-07-10T11:41:23.704Z] GET https://reauth.cloud.google.com/mfaConformance?authuser=0 → 200 (155ms, 141B)
[2026-07-10T11:41:23.704Z] GET https://cloudusersettings-pa.clients6.google.com/v1alpha1/settings/MFA_COHORT_DIALOG_SETTINGS?key=AIzaSyCI-zsRP85UVOi0DjtiCwWBwQ1djDy741g → 404 (126ms, 149B)
[2026-07-10T11:41:23.705Z] POST https://cloudconsole-pa.clients6.google.com/v3/entityServices/AssurantEntityService/schemas/ASSURANT_GRAPHQL_V1MAIN:batchGraphql?key=AIzaSyCI-zsRP85UVOi0DjtiCwWBwQ1djDy741g&prettyPrint=false → 200 (457ms, 336B)
[2026-07-10T11:41:23.715Z] GET https://www.gstatic.com/_/mss/boq-cloud-client/_/js/k=boq-cloud-client.CloudConsoleWeb.en_GB.k-xPrhmDCfY.es5.O/am=AAAAAIDxcAACAAAAAEAB/d=0/excm=core/ed=1/wt=2/ujg=1/rs=AJ563L_GD_v-fx5T973qESl_e-qI4ttYsQ/dti=1/m=pm_precommit_service_host_listener → 200 (32ms, -1065B)
[2026-07-10T11:41:23.715Z] POST https://cloudconsole-pa.clients6.google.com/v3/entityServices/FreetrialEntityService/schemas/FREETRIAL_GRAPHQL:batchGraphql?key=AIzaSyCI-zsRP85UVOi0DjtiCwWBwQ1djDy741g&prettyPrint=false → 200 (425ms, 555B)
[2026-07-10T11:41:23.715Z] GET https://cloudusersettings-pa.clients6.google.com/v1alpha1/recent/FREETRIAL_MARKETING_PROMOTION_DISMISSALS?count=1&key=AIzaSyCI-zsRP85UVOi0DjtiCwWBwQ1djDy741g → 200 (114ms, 144B)
[2026-07-10T11:41:23.717Z] GET https://www.gstatic.com/devops/connect/loader/tool_library.js → 200 (82ms, 2752B)
[2026-07-10T11:41:23.718Z] PUT https://cloudusersettings-pa.clients6.google.com/v1alpha1/recent/PROJECT?key=AIzaSyCI-zsRP85UVOi0DjtiCwWBwQ1djDy741g → 200 (573ms, 73B)
[2026-07-10T11:41:23.737Z] GET https://cloudusersettings-pa.clients6.google.com/v1alpha1/recent/CONSOLE_RECENTLY_VISITED?count=4&key=AIzaSyCI-zsRP85UVOi0DjtiCwWBwQ1djDy741g → 200 (92ms, 222B)
[2026-07-10T11:41:23.737Z] GET https://www.gstatic.com/_/mss/boq-cloud-client/_/js/k=boq-cloud-client.CloudConsoleWeb.en_GB.k-xPrhmDCfY.es5.O/am=AAAAAIDxcAACAAAAAEAB/d=0/excm=core/ed=1/wt=2/ujg=1/rs=AJ563L_GD_v-fx5T973qESl_e-qI4ttYsQ/dti=1/m=pwrNdf → 200 (11ms, -1066B)
[2026-07-10T11:41:23.737Z] GET https://www.gstatic.com/pantheon/images/common/icons-small_v163.svg → 200 (13ms, -847B)
[2026-07-10T11:41:23.737Z] GET https://www.gstatic.com/_/mss/boq-cloud-client/_/js/k=boq-cloud-client.CloudConsoleWeb.en_GB.k-xPrhmDCfY.es5.O/am=AAAAAIDxcAACAAAAAEAB/d=0/excm=core/ed=1/wt=2/ujg=1/rs=AJ563L_GD_v-fx5T973qESl_e-qI4ttYsQ/dti=1/m=syae,syaz,syb0,syb1,syb2,syun,syzs,syzt,syzu,sy17b,sy17c,sy1ar,sy1bq,tkQGib → 200 (14ms, -1068B)
[2026-07-10T11:41:23.737Z] GET https://www.gstatic.com/pantheon/images/shell/icons-small_v274.svg → 200 (25ms, -846B)
[2026-07-10T11:41:23.746Z] POST https://cloudconsole-pa.clients6.google.com/v3/entityServices/TargetingEntityService/entities/TARGETED_FEATURES:get?key=AIzaSyCI-zsRP85UVOi0DjtiCwWBwQ1djDy741g&alt=json&prettyPrint=false → 200 (152ms, 433B)
[2026-07-10T11:41:23.758Z] GET https://cloudresourcemanager.clients6.google.com/v3/effectiveTags?parent=//cloudresourcemanager.googleapis.com/projects/video-pipeline-502009&key=AIzaSyCI-zsRP85UVOi0DjtiCwWBwQ1djDy741g → pending (?ms, ?B)
[2026-07-10T11:41:23.758Z] GET https://cloudresourcemanager.clients6.google.com/v3/effectiveTags?parent=//cloudresourcemanager.googleapis.com/projects/video-pipeline-502009&key=AIzaSyCI-zsRP85UVOi0DjtiCwWBwQ1djDy741g → pending (?ms, ?B)
[2026-07-10T11:41:23.782Z] POST https://cloudconsole-pa.clients6.google.com/v3/entityServices/AbuseEntityService/schemas/ABUSE_GRAPHQL:batchGraphql?key=AIzaSyCI-zsRP85UVOi0DjtiCwWBwQ1djDy741g&prettyPrint=false → 200 (477ms, 317B)
[2026-07-10T11:41:23.783Z] POST https://cloudconsole-pa.clients6.google.com/v3/entityServices/BillingAccountsEntityService/schemas/BILLING_ACCOUNTS_GRAPHQL:batchGraphql?key=AIzaSyCI-zsRP85UVOi0DjtiCwWBwQ1djDy741g&prettyPrint=false → 200 (301ms, ?B)
[2026-07-10T11:41:23.783Z] POST https://cloudconsole-pa.clients6.google.com/v3/entityServices/AbuseEntityService/schemas/ABUSE_GRAPHQL:batchGraphql?key=AIzaSyCI-zsRP85UVOi0DjtiCwWBwQ1djDy741g&prettyPrint=false → 200 (324ms, 319B)
[2026-07-10T11:41:23.783Z] GET https://cloudusersettings-pa.clients6.google.com/v1alpha1/settings/COE_NU_FIRST_CHARGE_BANNER_DISMISSALS?key=AIzaSyCI-zsRP85UVOi0DjtiCwWBwQ1djDy741g → 404 (209ms, 161B)
[2026-07-10T11:41:23.783Z] POST https://cloudconsole-pa.clients6.google.com/v3/entityServices/CloudRecommendationsService/entities/PRODUCT_ATTACH_ASSIST_OBJECTS:get?key=AIzaSyCI-zsRP85UVOi0DjtiCwWBwQ1djDy741g&alt=json&prettyPrint=false → 200 (350ms, 308B)
[2026-07-10T11:41:23.783Z] POST https://cloudconsole-pa.clients6.google.com/v1/sduiServices/SmartsuggestionsSduiService/sdui/SUGGESTION_DETAILS:get?key=AIzaSyCI-zsRP85UVOi0DjtiCwWBwQ1djDy741g&alt=protojson → pending (?ms, ?B)
[2026-07-10T11:41:23.803Z] POST https://cloudconsole-pa.clients6.google.com/v3/entityServices/EmergencymessagingEntityService/schemas/EMERGENCYMESSAGING_GRAPHQL:batchGraphql?key=AIzaSyCI-zsRP85UVOi0DjtiCwWBwQ1djDy741g&prettyPrint=false → pending (?ms, ?B)
[2026-07-10T11:41:23.804Z] GET https://www.gstatic.com/devops/connect/releases/devops-learning-tool-library_20260615_00_RC00/cloudshell/cloudshell.js → 200 (5ms, -811B)
[2026-07-10T11:41:23.804Z] GET https://www.gstatic.com/devops/connect/releases/devops-learning-tool-library_20260615_00_RC00/walkthrough/walkthrough.js → 200 (5ms, -811B)
[2026-07-10T11:41:23.813Z] GET https://www.gstatic.com/_/mss/boq-cloud-client/_/js/k=boq-cloud-client.CloudConsoleWeb.en_GB.k-xPrhmDCfY.es5.O/am=AAAAAIDxcAACAAAAAEAB/d=0/excm=core/ed=1/wt=2/ujg=1/rs=AJ563L_GD_v-fx5T973qESl_e-qI4ttYsQ/dti=1/m=sy4f,syvp,syp0,syp2,sy4d,syvo,syvq,syoz,syut,syuw,syuy,syvm,syvn,syvr,syvl,pm_walkthrough_message_handler → 200 (2ms, -1067B)
[2026-07-10T11:41:23.816Z] GET https://www.gstatic.com/_/mss/boq-cloud-client/_/js/k=boq-cloud-client.CloudConsoleWeb.en_GB.k-xPrhmDCfY.es5.O/am=AAAAAIDxcAACAAAAAEAB/d=0/excm=core/ed=1/wt=2/ujg=1/rs=AJ563L_GD_v-fx5T973qESl_e-qI4ttYsQ/dti=1/m=vPbHvf → 200 (1ms, -1065B)
[2026-07-10T11:41:23.824Z] POST https://analytics.google.com/g/collect?v=2&tid=G-WH2QY8WWF5&gtm=45je6781v873759632z8897537567za20gzb897537567zd6343254&_p=1783683680319&gcd=13l3l3l3l1l1&npa=0&dma=0&_eu=EAAAAGQ&_ng=1&are=1&cid=1173743700.1783676912&frm=0&ir=1&pscdl=noapi&rcb=5&sr=2560x1440&uaa=x86&uab=64&uafvl=Chromium%3B145.0.7632.6%7CNot%253AA-Brand%3B99.0.0.0&uam=&uamb=0&uap=macOS&uapv=10_15_7&uaw=0&ul=en-us&gaf=2&_s=2&tag_exp=115616985~115938466~115938468~118826210~118897920~118897930~119027224~119709549&dl=console.cloud.google-b197145817.com%2Fauth%2F**&dp=%2Fauth%2F**&dt=-&sid=1783683680&sct=2&seg=0&en=console&ep.country=ID&ep.release_version=boq_cloud-boq-console-web_20260706.01_p1&ep.container_id_and_version=GTM-N9R567H%3A59&ep.internal_user=false&ep.signed_in_user=true&ep.console_type=CLOUD&ep.user_country=ID&ep.language_served=en&ep.md1=preloadClick%3Dnull&ep.utmz=utmcsr%3D(direct)%7Cutmcmd%3D(none)%7Cutmccn%3D(direct)&ep.event_type=consoleNavButton&ep.event_name=init&ep.virtual_page=true&ep.has_cj_refparam=false&ep.user_agent=Mozilla%2F5.0%20(Macintosh%3B%20Intel%20Mac%20OS%20X%2010_15_7)%20AppleWebKit%2F537.36%20(KHTML%2C%20like%20Gecko)%20Chrome%2F145.0.7632.6%20Safari%2F537.36&_et=12&tfd=4014 → 204 (57ms, ?B)
[2026-07-10T11:41:23.824Z] POST https://analytics.google.com/g/collect?v=2&tid=G-WH2QY8WWF5&gtm=45je6781v873759632z8897537567za20gzb897537567zd6343254&_p=1783683680319&gcd=13l3l3l3l1l1&npa=0&dma=0&_eu=EAAAAGQ&_ng=1&are=1&cid=1173743700.1783676912&frm=0&ir=1&pscdl=noapi&rcb=5&sr=2560x1440&uaa=x86&uab=64&uafvl=Chromium%3B145.0.7632.6%7CNot%253AA-Brand%3B99.0.0.0&uam=&uamb=0&uap=macOS&uapv=10_15_7&uaw=0&ul=en-us&gaf=2&_s=3&tag_exp=115616985~115938466~115938468~118826210~118897920~118897930~119027224~119709549&dl=console.cloud.google-b197145817.com%2Fauth%2Faudience&dp=%2Fauth%2Faudience&dt=-&sid=1783683680&sct=2&seg=1&en=page_view&_c=1&ep.country=ID&ep.release_version=boq_cloud-boq-console-web_20260706.01_p1&ep.container_id_and_version=GTM-N9R567H%3A59&ep.internal_user=false&ep.signed_in_user=true&ep.console_type=CLOUD&ep.user_country=ID&ep.language_served=en&ep.has_cj_refparam=false&ep.ft_header_logo=null&ep.redirect_path=undefined&_et=2869&tfd=4014 → 204 (57ms, ?B)
[2026-07-10T11:41:23.829Z] PUT https://cloudusersettings-pa.clients6.google.com/v1alpha1/recent/CONSOLE_RECENTLY_VISITED?key=AIzaSyCI-zsRP85UVOi0DjtiCwWBwQ1djDy741g → 200 (430ms, 73B)
[2026-07-10T11:41:23.829Z] GET https://cloudusersettings-pa.clients6.google.com/v1alpha1/settings/CONSOLE_VISITED_PAGES?key=AIzaSyCI-zsRP85UVOi0DjtiCwWBwQ1djDy741g → 200 (89ms, 882B)
[2026-07-10T11:41:23.829Z] GET https://www.gstatic.com/_/mss/boq-cloud-client/_/js/k=boq-cloud-client.CloudConsoleWeb.en_GB.k-xPrhmDCfY.es5.O/am=AAAAAIDxcAACAAAAAEAB/d=0/excm=core/ed=1/wt=2/ujg=1/rs=AJ563L_GD_v-fx5T973qESl_e-qI4ttYsQ/dti=1/m=syay,syem,syku,syql,syqm,syt4,syu3,syum,syv6,syv7,syv8,sywt,sywu,sywv,sywy,syzx,syzy,syzz,sy100,sy101,sy10h,sy10k,sy11h,sy11g,sy174,sy177,sy175,sy176,sy178,sy179,sy17a,sy1at,sy1au,sy1bi,sy1bj,sy1bk,sy1bl,sy1bm,sy1bn,sy1bo,sy1bp,sSEHKd → 200 (1ms, -1067B)
[2026-07-10T11:41:23.829Z] GET https://www.gstatic.com/_/mss/boq-cloud-client/_/js/k=boq-cloud-client.CloudConsoleWeb.en_GB.k-xPrhmDCfY.es5.O/am=AAAAAIDxcAACAAAAAEAB/d=0/excm=core/ed=1/wt=2/ujg=1/rs=AJ563L_GD_v-fx5T973qESl_e-qI4ttYsQ/dti=1/m=sy33,MnIinb → 200 (1ms, -1065B)
[2026-07-10T11:41:23.835Z] GET https://cloudusersettings-pa.clients6.google.com/v1alpha1/settings/GROWTH_TARGETED_FEATURE_HISTORY/keys/recently_visited_products_new_badge?key=AIzaSyCI-zsRP85UVOi0DjtiCwWBwQ1djDy741g → 404 (175ms, 162B)
[2026-07-10T11:41:23.918Z] PUT https://cloudusersettings-pa.clients6.google.com/v1alpha1/settings/CONSOLE_VISITED_PAGES?key=AIzaSyCI-zsRP85UVOi0DjtiCwWBwQ1djDy741g → 200 (341ms, 864B)
[2026-07-10T11:41:24.010Z] POST https://cloud.google.com/log?format=json&hasfast=true&authuser=0 → pending (?ms, ?B)
[2026-07-10T11:41:24.084Z] POST https://cloudconsole-pa.clients6.google.com/v3/entityServices/BillingAccountsEntityService/schemas/BILLING_ACCOUNTS_GRAPHQL:batchGraphql?key=AIzaSyCI-zsRP85UVOi0DjtiCwWBwQ1djDy741g&prettyPrint=false → pending (?ms, ?B)
[2026-07-10T11:41:24.084Z] POST https://cloudconsole-pa.clients6.google.com/v3/entityServices/BillingAccountsEntityService/schemas/BILLING_ACCOUNTS_GRAPHQL:batchGraphql?key=AIzaSyCI-zsRP85UVOi0DjtiCwWBwQ1djDy741g&prettyPrint=false → pending (?ms, 635B)
[2026-07-10T11:41:24.140Z] POST https://cloudconsole-pa.clients6.google.com/v3/entityServices/BillingAccountsEntityService/schemas/BILLING_ACCOUNTS_GRAPHQL:batchGraphql?key=AIzaSyCI-zsRP85UVOi0DjtiCwWBwQ1djDy741g&prettyPrint=false → pending (?ms, ?B)
[2026-07-10T11:41:24.141Z] POST https://cloudconsole-pa.clients6.google.com/v3/entityServices/BillingAccountsEntityService/schemas/BILLING_ACCOUNTS_GRAPHQL:batchGraphql?key=AIzaSyCI-zsRP85UVOi0DjtiCwWBwQ1djDy741g&prettyPrint=false → 200 (26ms, ?B)
[2026-07-10T11:41:24.167Z] POST https://cloudconsole-pa.clients6.google.com/v3/entityServices/BillingAccountsEntityService/schemas/BILLING_ACCOUNTS_GRAPHQL:batchGraphql?key=AIzaSyCI-zsRP85UVOi0DjtiCwWBwQ1djDy741g&prettyPrint=false → pending (?ms, 844B)
[2026-07-10T11:41:24.442Z] POST https://cloudconsole-pa.clients6.google.com/v3/entityServices/FreetrialEntityService/schemas/FREETRIAL_GRAPHQL:batchGraphql?key=AIzaSyCI-zsRP85UVOi0DjtiCwWBwQ1djDy741g&prettyPrint=false → 200 (865ms, 358B)
[2026-07-10T11:41:24.521Z] POST https://cloudconsole-pa.clients6.google.com/v3/entityServices/BillingAccountsEntityService/schemas/BILLING_ACCOUNTS_GRAPHQL:batchGraphql?key=AIzaSyCI-zsRP85UVOi0DjtiCwWBwQ1djDy741g&prettyPrint=false → 200 (283ms, 653B)
[2026-07-10T11:41:24.521Z] POST https://cloudconsole-pa.clients6.google.com/v3/entityServices/BillingAccountsEntityService/schemas/BILLING_ACCOUNTS_GRAPHQL:batchGraphql?key=AIzaSyCI-zsRP85UVOi0DjtiCwWBwQ1djDy741g&prettyPrint=false → 200 (171ms, 383B)
[2026-07-10T11:41:24.838Z] POST https://cloudconsole-pa.clients6.google.com/v3/entityServices/BillingAccountsEntityService/schemas/BILLING_ACCOUNTS_GRAPHQL:batchGraphql?key=AIzaSyCI-zsRP85UVOi0DjtiCwWBwQ1djDy741g&prettyPrint=false → 200 (472ms, 854B)
[2026-07-10T11:41:25.788Z] POST https://cloud.google.com/log?format=json&hasfast=true&authuser=0 → pending (?ms, ?B)
[2026-07-10T11:41:26.677Z] POST https://cloudconsole-pa.clients6.google.com/v3/entityServices/OauthEntityService/schemas/OAUTH_GRAPHQL:batchGraphql?key=AIzaSyCI-zsRP85UVOi0DjtiCwWBwQ1djDy741g&prettyPrint=false → 200 (397ms, 393B)
[2026-07-10T11:41:27.410Z] GET https://cloudusersettings-pa.clients6.google.com/v1alpha1/settings/GROWTH_TARGETED_FEATURE_HISTORY/keys/console_shell_prod_dev_indicator_callout?key=AIzaSyCI-zsRP85UVOi0DjtiCwWBwQ1djDy741g → 200 (124ms, 440B)
[2026-07-10T11:41:27.410Z] GET https://cloudusersettings-pa.clients6.google.com/v1alpha1/settings/GROWTH_TARGETED_FEATURE_HISTORY/keys/console_shell_prod_dev_indicator_callout?key=AIzaSyCI-zsRP85UVOi0DjtiCwWBwQ1djDy741g → 200 (75ms, 442B)
[2026-07-10T11:41:27.450Z] POST https://cloud.google.com/log?format=json&hasfast=true&authuser=0 → 200 (71ms, 156B)
[2026-07-10T11:41:27.538Z] PUT https://cloudusersettings-pa.clients6.google.com/v1alpha1/settings/GROWTH_TARGETED_FEATURE_HISTORY/keys/console_shell_prod_dev_indicator_callout?key=AIzaSyCI-zsRP85UVOi0DjtiCwWBwQ1djDy741g → 200 (390ms, 442B)
[2026-07-10T11:41:28.082Z] POST https://cloudconsole-pa.clients6.google.com/v3/entityServices/OperationsEntityService/schemas/OPERATIONS_GRAPHQL:batchGraphql?key=AIzaSyCI-zsRP85UVOi0DjtiCwWBwQ1djDy741g&prettyPrint=false → pending (?ms, ?B)
[2026-07-10T11:41:28.533Z] POST https://cloud.google.com/log?format=json&hasfast=true&authuser=0 → 200 (50ms, 156B)
[2026-07-10T11:41:28.860Z] POST https://analytics.google.com/g/collect?v=2&tid=G-WH2QY8WWF5&gtm=45je6781v873759632z8897537567za20gzb897537567zd6343254&_p=1783683680319&gcd=13l3l3l3l1l1&npa=0&dma=0&_eu=EAAAAGQ&_ng=1&are=1&cid=1173743700.1783676912&frm=0&ir=1&pscdl=noapi&rcb=5&sr=2560x1440&uaa=x86&uab=64&uafvl=Chromium%3B145.0.7632.6%7CNot%253AA-Brand%3B99.0.0.0&uam=&uamb=0&uap=macOS&uapv=10_15_7&uaw=0&ul=en-us&gaf=2&tag_exp=115616985~115938466~115938468~118826210~118897920~118897930~119027224~119709549&dl=console.cloud.google-b197145817.com%2Fauth%2Faudience&dp=%2Fauth%2Faudience&dt=-&sid=1783683680&sct=2&seg=1&_s=4&tfd=9049 → 204 (24ms, ?B)
[2026-07-10T11:41:29.340Z] POST https://cloudconsole-pa.clients6.google.com/v3/entityServices/OperationsEntityService/schemas/OPERATIONS_GRAPHQL:batchGraphql?key=AIzaSyCI-zsRP85UVOi0DjtiCwWBwQ1djDy741g&prettyPrint=false → pending (?ms, ?B)
[2026-07-10T11:41:29.610Z] POST https://cloud.google.com/log?format=json&hasfast=true&authuser=0 → 200 (53ms, 156B)
[2026-07-10T11:41:30.335Z] POST https://cloudconsole-pa.clients6.google.com/v3/entityServices/OperationsEntityService/schemas/OPERATIONS_GRAPHQL:batchGraphql?key=AIzaSyCI-zsRP85UVOi0DjtiCwWBwQ1djDy741g&prettyPrint=false → pending (?ms, ?B)
[2026-07-10T11:41:30.475Z] GET https://console.cloud.google.com/p/ping → 200 (196ms, 35B)
[2026-07-10T11:41:31.352Z] POST https://cloud.google.com/log?format=json&hasfast=true&authuser=0 → pending (?ms, ?B)
[2026-07-10T11:41:31.463Z] POST https://cloudconsole-pa.clients6.google.com/v3/entityServices/OauthEntityService/schemas/OAUTH_GRAPHQL:batchGraphql?key=AIzaSyCI-zsRP85UVOi0DjtiCwWBwQ1djDy741g&prettyPrint=false → 200 (566ms, 805B)
[2026-07-10T11:41:32.441Z] POST https://cloud.google.com/log?format=json&hasfast=true&authuser=0 → 200 (51ms, 156B)
[2026-07-10T11:41:34.037Z] POST https://cloud.google.com/log?format=json&hasfast=true&authuser=0 → 200 (29ms, 156B)
[2026-07-10T11:41:39.709Z] POST https://cloud.google.com/log?format=json&hasfast=true&authuser=0 → 200 (31ms, 156B)
[2026-07-10T11:41:40.475Z] GET https://console.cloud.google.com/p/ping → 200 (152ms, 35B)
